Arguments: 
  C:\Program Files\nodejs\node.exe C:\Users\sarneijim\AppData\Roaming\npm\node_modules\yarn\bin\yarn.js start

PATH: 
  C:\Program Files (x86)\Intel\iCLS Client\;C:\Program Files\Intel\iCLS Client\;C:\WINDOWS\system32;C:\WINDOWS;C:\WINDOWS\System32\Wbem;C:\WINDOWS\System32\WindowsPowerShell\v1.0\;C:\Program Files (x86)\Intel\Intel(R) Management Engine Components\DAL;C:\Program Files\Intel\Intel(R) Management Engine Components\DAL;C:\Program Files (x86)\Intel\Intel(R) Management Engine Components\IPT;C:\Program Files\Intel\Intel(R) Management Engine Components\IPT;C:\Program Files\Intel\WiFi\bin\;C:\Program Files\Common Files\Intel\WirelessCommon\;C:\WINDOWS\System32\OpenSSH\;C:\Program Files\nodejs\;C:\Program Files\Git\cmd;C:\Ruby25-x64\bin;C:\RailsInstaller\Git\cmd;C:\RailsInstaller\Ruby2.3.3\bin;C:\phantomjs-2.1.1-windows\bin;C:\Users\sarneijim\AppData\Local\Microsoft\WindowsApps;C:\Users\sarneijim\AppData\Roaming\npm;C:\Users\sarneijim\AppData\Local\GitHubDesktop\bin;C:\Users\sarneijim\AppData\Local\Yarn\bin;

Yarn version: 
  1.5.1

Node version: 
  8.11.3

Platform: 
  win32 x64

npm manifest: 
  No manifest

yarn manifest: 
  No manifest

Lockfile: 
  No lockfile

Trace: 
  Error: Couldn't find a package.json file in "C:\\Users\\sarneijim\\Desktop\\arduino"
      at new MessageError (C:\Users\sarneijim\AppData\Roaming\npm\node_modules\yarn\lib\cli.js:186:110)
      at C:\Users\sarneijim\AppData\Roaming\npm\node_modules\yarn\lib\cli.js:40048:15
      at Generator.next (<anonymous>)
      at step (C:\Users\sarneijim\AppData\Roaming\npm\node_modules\yarn\lib\cli.js:98:30)
      at C:\Users\sarneijim\AppData\Roaming\npm\node_modules\yarn\lib\cli.js:109:13
      at <anonymous>
